============================================================
Time  2022/10/13 15:43:57 657 
============================================================
[2022/10/13 15:43:57 657] lgi        684  SYS_MSG_LOAD  
[2022/10/13 15:43:57 658] lgi        706  SYS_MSG_REGCB  msp_status_cb  func(680139a0) 
[2022/10/13 15:43:57 658] lgi        298  LGI_MSG_INIT  
[2022/10/13 15:43:57 658] lgi        305  lgi  lgi_  268436457  1552287548  
[2022/10/13 15:43:57 658] lgi        347  work_dir  .  
[2022/10/13 15:43:57 658] lgi        403  token:  nil  
[2022/10/13 15:43:57 658] lgi        476  msc cver : 5.0.42.1226  
[2022/10/13 15:43:57 659] lgi        519  ns_enable=  1  
[2022/10/13 15:43:57 659] lgi        531  prot_ver=1  
[2022/10/13 15:43:57 659] lgi        542  prot_type=tcp  
[2022/10/13 15:43:57 659] lgi        693  SYS_MSG_UNLOAD  go bg!  
[2022/10/13 15:55:42 681] lgi        697  SYS_MSG_SHUTDOWN  
============================================================
Time  2022/10/13 15:55:43 545 
============================================================
[2022/10/13 15:55:43 545] lgi        684  SYS_MSG_LOAD  
[2022/10/13 15:55:43 546] lgi        706  SYS_MSG_REGCB  msp_status_cb  func(a00139a0) 
[2022/10/13 15:55:43 546] lgi        298  LGI_MSG_INIT  
[2022/10/13 15:55:43 546] lgi        305  lgi  lgi_  268436457  1552287548  
[2022/10/13 15:55:43 546] lgi        347  work_dir  .  
[2022/10/13 15:55:43 546] lgi        403  token:  nil  
[2022/10/13 15:55:43 546] lgi        476  msc cver : 5.0.42.1226  
[2022/10/13 15:55:43 547] lgi        519  ns_enable=  1  
[2022/10/13 15:55:43 547] lgi        531  prot_ver=1  
[2022/10/13 15:55:43 547] lgi        542  prot_type=tcp  
[2022/10/13 15:55:43 547] lgi        693  SYS_MSG_UNLOAD  go bg!  
[2022/10/13 15:57:09 975] lgi        697  SYS_MSG_SHUTDOWN  
============================================================
Time  2022/10/13 15:57:10 566 
============================================================
[2022/10/13 15:57:10 566] lgi        684  SYS_MSG_LOAD  
[2022/10/13 15:57:10 567] lgi        706  SYS_MSG_REGCB  msp_status_cb  func(200139a0) 
[2022/10/13 15:57:10 567] lgi        298  LGI_MSG_INIT  
[2022/10/13 15:57:10 567] lgi        305  lgi  lgi_  268436457  1552287548  
[2022/10/13 15:57:10 567] lgi        347  work_dir  .  
[2022/10/13 15:57:10 567] lgi        403  token:  nil  
[2022/10/13 15:57:10 567] lgi        476  msc cver : 5.0.42.1226  
[2022/10/13 15:57:10 567] lgi        519  ns_enable=  1  
[2022/10/13 15:57:10 567] lgi        531  prot_ver=1  
[2022/10/13 15:57:10 568] lgi        542  prot_type=tcp  
[2022/10/13 15:57:10 568] lgi        693  SYS_MSG_UNLOAD  go bg!  
[2022/10/13 15:57:13 531] lgi        697  SYS_MSG_SHUTDOWN  
============================================================
Time  2022/10/13 15:57:28 135 
============================================================
[2022/10/13 15:57:28 135] lgi        684  SYS_MSG_LOAD  
[2022/10/13 15:57:28 136] lgi        706  SYS_MSG_REGCB  msp_status_cb  func(480139a0) 
[2022/10/13 15:57:28 136] lgi        298  LGI_MSG_INIT  
[2022/10/13 15:57:28 136] lgi        305  lgi  lgi_  268436457  1552287548  
[2022/10/13 15:57:28 136] lgi        347  work_dir  .  
[2022/10/13 15:57:28 136] lgi        403  token:  nil  
[2022/10/13 15:57:28 136] lgi        476  msc cver : 5.0.42.1226  
[2022/10/13 15:57:28 136] lgi        519  ns_enable=  1  
[2022/10/13 15:57:28 136] lgi        531  prot_ver=1  
[2022/10/13 15:57:28 136] lgi        542  prot_type=tcp  
[2022/10/13 15:57:28 136] lgi        693  SYS_MSG_UNLOAD  go bg!  
[2022/10/13 15:57:29 943] lgi        697  SYS_MSG_SHUTDOWN  
============================================================
Time  2022/10/13 15:57:37 598 
============================================================
[2022/10/13 15:57:37 598] lgi        684  SYS_MSG_LOAD  
[2022/10/13 15:57:37 598] lgi        706  SYS_MSG_REGCB  msp_status_cb  func(9c0139a0) 
[2022/10/13 15:57:37 598] lgi        298  LGI_MSG_INIT  
[2022/10/13 15:57:37 598] lgi        305  lgi  lgi_  268436457  1552287548  
[2022/10/13 15:57:37 598] lgi        347  work_dir  .  
[2022/10/13 15:57:37 598] lgi        403  token:  nil  
[2022/10/13 15:57:37 598] lgi        476  msc cver : 5.0.42.1226  
[2022/10/13 15:57:37 598] lgi        519  ns_enable=  1  
[2022/10/13 15:57:37 598] lgi        531  prot_ver=1  
[2022/10/13 15:57:37 598] lgi        542  prot_type=tcp  
[2022/10/13 15:57:37 598] lgi        693  SYS_MSG_UNLOAD  go bg!  
[2022/10/13 15:57:38 687] lgi        697  SYS_MSG_SHUTDOWN  
